<?xml version="1.0" encoding="UTF-8"?>
<!-- Generated by org.testng.reporters.JUnitReportReporter -->
<testsuite hostname="DESKTOP-QGT10K1" failures="0" tests="1" name="com.orangeHRM_runner.loginscript" time="168.397" errors="0" timestamp="08 Jan 2024 07:56:07 GMT" skipped="0">
  <testcase classname="com.orangeHRM_runner.loginscript" name="login" time="168.397"/>
</testsuite> <!-- com.orangeHRM_runner.loginscript -->
